<?xml version="1.0" encoding="UTF-8"?>
<!-- Generated by org.testng.reporters.JUnitXMLReporter -->
<testsuite ignored="0" hostname="WIN-I3ER5BODP63" failures="1" tests="1" name="NewTest" time="7.894" errors="0" timestamp="2023-09-27T15:55:50 IST">
  <testcase classname="Maven_testng.Maven_testng.NewTest" name="f" time="0.0">
    <failure type="org.testng.TestNGException" message="
Parameter &amp;apos;Add_customer&amp;apos; is required by @Test on method f but has not been marked @Optional or defined
in C:\Users\Sonpari\eclipse-workspace\Maven_testng\config\testng1.xml">
      <![CDATA[org.testng.TestNGException: 
Parameter 'Add_customer' is required by @Test on method f but has not been marked @Optional or defined
in C:\Users\Sonpari\eclipse-workspace\Maven_testng\config\testng1.xml
at java.base/java.util.ArrayList.forEach(ArrayList.java:1511)
... Removed 26 stack frames]]>
    </failure>
  </testcase> <!-- f -->
</testsuite> <!-- NewTest -->
